Using pre-set license
Built from '2021.3/release' branch; Version is '2021.3.27f1 (ca3ffb99bcc6) revision 13254651'; Using compiler version '192829333'; Build Type 'Release'
OS: 'Windows 10  (10.0.19044) 64bit Professional' Language: 'ru' Physical Memory: 3992 MB
BatchMode: 1, IsHumanControllingUs: 0, StartBugReporterOnCrash: 0, Is64bit: 1, IsPro: 1

COMMAND LINE ARGUMENTS:
C:\Program Files\Unity\Hub\Editor\2021.3.27f1\Editor\Unity.exe
-adb2
-batchMode
-noUpm
-name
AssetImportWorker1
-projectPath
C:/Misha/CF repos/Call-of-the-Forest-Survival-Game/Call of the Forest Survival Game
-logFile
Logs/AssetImportWorker1.log
-srvPort
51192
Successfully changed project path to: C:/Misha/CF repos/Call-of-the-Forest-Survival-Game/Call of the Forest Survival Game
C:/Misha/CF repos/Call-of-the-Forest-Survival-Game/Call of the Forest Survival Game
[UnityMemory] Configuration Parameters - Can be set up in boot.config
    "memorysetup-bucket-allocator-granularity=16"
    "memorysetup-bucket-allocator-bucket-count=8"
    "memorysetup-bucket-allocator-block-size=33554432"
    "memorysetup-bucket-allocator-block-count=8"
    "memorysetup-main-allocator-block-size=16777216"
    "memorysetup-thread-allocator-block-size=16777216"
    "memorysetup-gfx-main-allocator-block-size=16777216"
    "memorysetup-gfx-thread-allocator-block-size=16777216"
    "memorysetup-cache-allocator-block-size=4194304"
    "memorysetup-typetree-allocator-block-size=2097152"
    "memorysetup-profiler-bucket-allocator-granularity=16"
    "memorysetup-profiler-bucket-allocator-bucket-count=8"
    "memorysetup-profiler-bucket-allocator-block-size=33554432"
    "memorysetup-profiler-bucket-allocator-block-count=8"
    "memorysetup-profiler-allocator-block-size=16777216"
    "memorysetup-profiler-editor-allocator-block-size=1048576"
    "memorysetup-temp-allocator-size-main=16777216"
    "memorysetup-job-temp-allocator-block-size=2097152"
    "memorysetup-job-temp-allocator-block-size-background=1048576"
    "memorysetup-job-temp-allocator-reduction-small-platforms=262144"
    "memorysetup-temp-allocator-size-background-worker=32768"
    "memorysetup-temp-allocator-size-job-worker=262144"
    "memorysetup-temp-allocator-size-preload-manager=33554432"
    "memorysetup-temp-allocator-size-nav-mesh-worker=65536"
    "memorysetup-temp-allocator-size-audio-worker=65536"
    "memorysetup-temp-allocator-size-cloud-worker=32768"
    "memorysetup-temp-allocator-size-gi-baking-worker=262144"
    "memorysetup-temp-allocator-size-gfx=262144"
Player connection [13552] Host "[IP] 192.168.56.1 [Port] 0 [Flags] 2 [Guid] 1130636014 [EditorId] 1130636014 [Version] 1048832 [Id] WindowsEditor(7,DESKTOP-U7S6DN1) [Debug] 1 [PackageName] WindowsEditor [ProjectName] Editor" joined multi-casting on [225.0.0.222:54997]...

Player connection [13552] Host "[IP] 192.168.56.1 [Port] 0 [Flags] 2 [Guid] 1130636014 [EditorId] 1130636014 [Version] 1048832 [Id] WindowsEditor(7,DESKTOP-U7S6DN1) [Debug] 1 [PackageName] WindowsEditor [ProjectName] Editor" joined alternative multi-casting on [225.0.0.222:34997]...

Refreshing native plugins compatible for Editor in 311.89 ms, found 3 plugins.
Preloading 0 native plugins for Editor in 0.00 ms.
Initialize engine version: 2021.3.27f1 (ca3ffb99bcc6)
[Subsystems] Discovering subsystems at path C:/Program Files/Unity/Hub/Editor/2021.3.27f1/Editor/Data/Resources/UnitySubsystems
[Subsystems] Discovering subsystems at path C:/Misha/CF repos/Call-of-the-Forest-Survival-Game/Call of the Forest Survival Game/Assets
GfxDevice: creating device client; threaded=0; jobified=0
Direct3D:
    Version:  Direct3D 11.0 [level 10.1]
    Renderer: Intel(R) HD Graphics 3000 (ID=0x116)
    Vendor:   Intel
    VRAM:     128 MB
    Driver:   9.17.10.4459
Initialize mono
Mono path[0] = 'C:/Program Files/Unity/Hub/Editor/2021.3.27f1/Editor/Data/Managed'
Mono path[1] = 'C:/Program Files/Unity/Hub/Editor/2021.3.27f1/Editor/Data/MonoBleedingEdge/lib/mono/unityjit-win32'
Mono config path = 'C:/Program Files/Unity/Hub/Editor/2021.3.27f1/Editor/Data/MonoBleedingEdge/etc'
Using monoOptions --debugger-agent=transport=dt_socket,embedding=1,server=y,suspend=n,address=127.0.0.1:56076
Begin MonoManager ReloadAssembly
Registering precompiled unity dll's ...
Register platform support module: C:/Program Files/Unity/Hub/Editor/2021.3.27f1/Editor/Data/PlaybackEngines/AndroidPlayer/UnityEditor.Android.Extensions.dll
Register platform support module: C:/Program Files/Unity/Hub/Editor/2021.3.27f1/Editor/Data/PlaybackEngines/WindowsStandaloneSupport/UnityEditor.WindowsStandalone.Extensions.dll
Registered in 0.045980 seconds.
Native extension for WindowsStandalone target not found
Native extension for Android target not found
Android Extension - Scanning For ADB Devices 1768 ms
Refreshing native plugins compatible for Editor in 305.51 ms, found 3 plugins.
Preloading 0 native plugins for Editor in 0.00 ms.
Mono: successfully reloaded assembly
- Completed reload, in  5.467 seconds
Domain Reload Profiling:
	ReloadAssembly (5468ms)
		BeginReloadAssembly (458ms)
			ExecutionOrderSort (0ms)
			DisableScriptedObjects (0ms)
			BackupInstance (0ms)
			ReleaseScriptingObjects (0ms)
			CreateAndSetChildDomain (2ms)
		EndReloadAssembly (4478ms)
			LoadAssemblies (452ms)
			RebuildTransferFunctionScriptingTraits (0ms)
			SetupTypeCache (538ms)
			ReleaseScriptCaches (0ms)
			RebuildScriptCaches (247ms)
			SetupLoadedEditorAssemblies (3440ms)
				LogAssemblyErrors (0ms)
				InitializePlatformSupportModulesInManaged (2479ms)
				SetLoadedEditorAssemblies (1ms)
				RefreshPlugins (306ms)
				BeforeProcessingInitializeOnLoad (5ms)
				ProcessInitializeOnLoadAttributes (413ms)
				ProcessInitializeOnLoadMethodAttributes (235ms)
				AfterProcessingInitializeOnLoad (0ms)
				EditorAssembliesLoaded (1ms)
			ExecutionOrderSort2 (0ms)
			AwakeInstancesAfterBackupRestoration (0ms)
Platform modules already initialized, skipping
Registering precompiled user dll's ...
Registered in 0.026889 seconds.
Begin MonoManager ReloadAssembly
Symbol file LoadedFromMemory doesn't match image C:\Misha\CF repos\Call-of-the-Forest-Survival-Game\Call of the Forest Survival Game\Library\PackageCache\com.unity.visualscripting@1.8.0\Editor\VisualScripting.Core\Dependencies\YamlDotNet\Unity.VisualScripting.YamlDotNet.dll
Symbol file LoadedFromMemory doesn't match image C:\Misha\CF repos\Call-of-the-Forest-Survival-Game\Call of the Forest Survival Game\Library\PackageCache\com.unity.visualscripting@1.8.0\Editor\VisualScripting.Core\Dependencies\DotNetZip\Unity.VisualScripting.IonicZip.dll
Native extension for WindowsStandalone target not found
Native extension for Android target not found
Refreshing native plugins compatible for Editor in 1.65 ms, found 3 plugins.
Preloading 0 native plugins for Editor in 0.00 ms.
Mono: successfully reloaded assembly
- Completed reload, in  4.762 seconds
Domain Reload Profiling:
	ReloadAssembly (4765ms)
		BeginReloadAssembly (573ms)
			ExecutionOrderSort (0ms)
			DisableScriptedObjects (25ms)
			BackupInstance (0ms)
			ReleaseScriptingObjects (0ms)
			CreateAndSetChildDomain (75ms)
		EndReloadAssembly (3725ms)
			LoadAssemblies (447ms)
			RebuildTransferFunctionScriptingTraits (0ms)
			SetupTypeCache (1301ms)
			ReleaseScriptCaches (1ms)
			RebuildScriptCaches (254ms)
			SetupLoadedEditorAssemblies (1564ms)
				LogAssemblyErrors (0ms)
				InitializePlatformSupportModulesInManaged (93ms)
				SetLoadedEditorAssemblies (2ms)
				RefreshPlugins (2ms)
				BeforeProcessingInitializeOnLoad (330ms)
				ProcessInitializeOnLoadAttributes (967ms)
				ProcessInitializeOnLoadMethodAttributes (125ms)
				AfterProcessingInitializeOnLoad (44ms)
				EditorAssembliesLoaded (0ms)
			ExecutionOrderSort2 (0ms)
			AwakeInstancesAfterBackupRestoration (57ms)
Platform modules already initialized, skipping
========================================================================
Worker process is ready to serve import requests
Launched and connected shader compiler UnityShaderCompiler.exe after 0.31 seconds
Refreshing native plugins compatible for Editor in 1.03 ms, found 3 plugins.
Preloading 0 native plugins for Editor in 0.00 ms.
Unloading 3052 Unused Serialized files (Serialized files now loaded: 0)
Unloading 22 unused Assets / (46.7 KB). Loaded Objects now: 3517.
Memory consumption went from 113.1 MB to 113.1 MB.
Total: 12.699900 ms (FindLiveObjects: 0.627400 ms CreateObjectMapping: 0.318700 ms MarkObjects: 10.593500 ms  DeleteObjects: 1.155100 ms)

AssetImportParameters requested are different than current active one (requested -> active):
  custom:video-decoder-ogg-theora: a1e56fd34408186e4bbccfd4996cb3dc -> 
  custom:container-muxer-webm: aa71ff27fc2769a1b78a27578f13a17b -> 
  custom:container-demuxer-webm: 4f35f7cbe854078d1ac9338744f61a02 -> 
  custom:video-encoder-webm-vp8: eb34c28f22e8b96e1ab97ce403110664 -> 
  custom:audio-encoder-webm-vorbis: bf7c407c2cedff20999df2af8eb42d56 -> 
  custom:framework-win-MediaFoundation: 216162199b28c13a410421893ffa2e32 -> 
  custom:container-demuxer-ogg: 62fdf1f143b41e24485cea50d1cbac27 -> 
  custom:video-decoder-webm-vp8: 9c59270c3fd7afecdb556c50c9e8de78 -> 
  custom:audio-decoder-ogg-vorbis: bf7c407c2cedff20999df2af8eb42d56 -> 
========================================================================
Received Import Request.
  Time since last request: 3575.873931 seconds.
  path: Assets
  artifactKey: Guid(00000000000000001000000000000000) Importer(815301076,1909f56bfc062723c751e8b465ee728b)
Start importing Assets using Guid(00000000000000001000000000000000) Importer(815301076,1909f56bfc062723c751e8b465ee728b)  -> (artifact id: '79842766b460edbeab6a34051e857a80') in 0.036478 seconds 
========================================================================
Received Import Request.
  Time since last request: 0.000080 seconds.
  path: Assets/Models
  artifactKey: Guid(a715496edb37c354c9a198303677fffa) Importer(815301076,1909f56bfc062723c751e8b465ee728b)
Start importing Assets/Models using Guid(a715496edb37c354c9a198303677fffa) Importer(815301076,1909f56bfc062723c751e8b465ee728b)  -> (artifact id: '953a0839e33c04e101e2966148380f3e') in 0.010107 seconds 
========================================================================
Received Import Request.
  Time since last request: 20.652529 seconds.
  path: Assets/Animations
  artifactKey: Guid(346bb47d1b17beb4eaa26eae7ebbba79) Importer(815301076,1909f56bfc062723c751e8b465ee728b)
Start importing Assets/Animations using Guid(346bb47d1b17beb4eaa26eae7ebbba79) Importer(815301076,1909f56bfc062723c751e8b465ee728b)  -> (artifact id: 'bf2fcf6a30bfd974b4fa080bf6b263af') in 0.013321 seconds 
========================================================================
Received Import Request.
  Time since last request: 7.398738 seconds.
  path: Assets/Animations/Controllers
  artifactKey: Guid(3f937f258b6623042af8864a64278171) Importer(815301076,1909f56bfc062723c751e8b465ee728b)
Start importing Assets/Animations/Controllers using Guid(3f937f258b6623042af8864a64278171) Importer(815301076,1909f56bfc062723c751e8b465ee728b)  -> (artifact id: 'a6659b583786dc84a5f62fb332bb8762') in 0.015984 seconds 
========================================================================
Received Import Request.
  Time since last request: 4.874764 seconds.
  path: Assets/Animations/Clips
  artifactKey: Guid(54e5929bf3f86944395183b86ecf312b) Importer(815301076,1909f56bfc062723c751e8b465ee728b)
Start importing Assets/Animations/Clips using Guid(54e5929bf3f86944395183b86ecf312b) Importer(815301076,1909f56bfc062723c751e8b465ee728b)  -> (artifact id: 'eefa458717899858eca1b975695951c0') in 0.025331 seconds 
========================================================================
Received Import Request.
  Time since last request: 13.632700 seconds.
  path: Assets/AudioVideo
  artifactKey: Guid(5c35b6bbbe53e4b46bf8b0be639f7d56) Importer(815301076,1909f56bfc062723c751e8b465ee728b)
Start importing Assets/AudioVideo using Guid(5c35b6bbbe53e4b46bf8b0be639f7d56) Importer(815301076,1909f56bfc062723c751e8b465ee728b)  -> (artifact id: 'b4a1bc3170ad629d66884caa929dd080') in 0.009084 seconds 
========================================================================
Received Import Request.
  Time since last request: 79.691519 seconds.
  path: Assets/Other
  artifactKey: Guid(54354d148de667c48b6a3172b3a62137) Importer(815301076,1909f56bfc062723c751e8b465ee728b)
Start importing Assets/Other using Guid(54354d148de667c48b6a3172b3a62137) Importer(815301076,1909f56bfc062723c751e8b465ee728b)  -> (artifact id: '71ab825c80ce9a68237b5c947b984a07') in 0.019539 seconds 
========================================================================
Received Import Request.
  Time since last request: 109.820794 seconds.
  path: Assets/Scenes
  artifactKey: Guid(e221fad5d064ed949bd0127234d299b7) Importer(815301076,1909f56bfc062723c751e8b465ee728b)
Start importing Assets/Scenes using Guid(e221fad5d064ed949bd0127234d299b7) Importer(815301076,1909f56bfc062723c751e8b465ee728b)  -> (artifact id: 'e7d243ec728ba802fed0ec551b1fb953') in 0.016652 seconds 
========================================================================
Received Import Request.
  Time since last request: 1.455861 seconds.
  path: Assets/Scenes/SampleScene.unity
  artifactKey: Guid(9fc0d4010bbf28b4594072e72b8655ab) Importer(815301076,1909f56bfc062723c751e8b465ee728b)
Start importing Assets/Scenes/SampleScene.unity using Guid(9fc0d4010bbf28b4594072e72b8655ab) Importer(815301076,1909f56bfc062723c751e8b465ee728b)  -> (artifact id: 'e55ccaa32d8e5c1de03c07a5412c8c3c') in 0.014411 seconds 
========================================================================
Received Import Request.
  Time since last request: 11.597571 seconds.
  path: Assets/Scenes/MainMenu.unity
  artifactKey: Guid(9fc0d4010bbf28b4594072e72b8655ab) Importer(815301076,1909f56bfc062723c751e8b465ee728b)
Start importing Assets/Scenes/MainMenu.unity using Guid(9fc0d4010bbf28b4594072e72b8655ab) Importer(815301076,1909f56bfc062723c751e8b465ee728b)  -> (artifact id: '388161682cbde19b13028e362577cc05') in 0.010845 seconds 
========================================================================
Received Import Request.
  Time since last request: 10.254868 seconds.
  path: Assets/Scenes/Settings.unity
  artifactKey: Guid(69713f29cf2f641428bef0b1d8c83566) Importer(815301076,1909f56bfc062723c751e8b465ee728b)
Start importing Assets/Scenes/Settings.unity using Guid(69713f29cf2f641428bef0b1d8c83566) Importer(815301076,1909f56bfc062723c751e8b465ee728b)  -> (artifact id: '88a21333459d03b93c1335715aa15b7d') in 0.013285 seconds 
========================================================================
Received Import Request.
  Time since last request: 7.282602 seconds.
  path: Assets/Scenes/NewGame.unity
  artifactKey: Guid(e8c3e6d54d99c7d45adf365644bad660) Importer(815301076,1909f56bfc062723c751e8b465ee728b)
Start importing Assets/Scenes/NewGame.unity using Guid(e8c3e6d54d99c7d45adf365644bad660) Importer(815301076,1909f56bfc062723c751e8b465ee728b)  -> (artifact id: 'cc5f082c8f8cb0a8783a2859f543b85d') in 0.015056 seconds 
========================================================================
Received Import Request.
  Time since last request: 38.449970 seconds.
  path: Assets/Scenes/Game.unity
  artifactKey: Guid(7d62f59111280114fac206a512724748) Importer(815301076,1909f56bfc062723c751e8b465ee728b)
Start importing Assets/Scenes/Game.unity using Guid(7d62f59111280114fac206a512724748) Importer(815301076,1909f56bfc062723c751e8b465ee728b)  -> (artifact id: '5b3b8166a6f9007dd1f030d1d32c5ac7') in 0.013921 seconds 
========================================================================
Received Import Request.
  Time since last request: 43.522703 seconds.
  path: Assets/Scenes/LoadScene.unity
  artifactKey: Guid(6c8965a5c2fe74a4db3c81e008e1c914) Importer(815301076,1909f56bfc062723c751e8b465ee728b)
Start importing Assets/Scenes/LoadScene.unity using Guid(6c8965a5c2fe74a4db3c81e008e1c914) Importer(815301076,1909f56bfc062723c751e8b465ee728b)  -> (artifact id: 'a7346dce3837034bf6bdfd9a15af2b03') in 0.015038 seconds 
========================================================================
Received Import Request.
  Time since last request: 306.476197 seconds.
  path: Assets/Textures
  artifactKey: Guid(502b3e08ad1f2b344a2db9de4fad106e) Importer(815301076,1909f56bfc062723c751e8b465ee728b)
Start importing Assets/Textures using Guid(502b3e08ad1f2b344a2db9de4fad106e) Importer(815301076,1909f56bfc062723c751e8b465ee728b)  -> (artifact id: '350a9937da12cd23a295bde7acd02697') in 0.013212 seconds 
========================================================================
Received Import Request.
  Time since last request: 5.920175 seconds.
  path: Assets/Textures/General
  artifactKey: Guid(79212a91a6fd58249a9bf746993f397c) Importer(815301076,1909f56bfc062723c751e8b465ee728b)
Start importing Assets/Textures/General using Guid(79212a91a6fd58249a9bf746993f397c) Importer(815301076,1909f56bfc062723c751e8b465ee728b)  -> (artifact id: 'af593262d2fa2edc65d2f1692209c3f9') in 0.014955 seconds 
========================================================================
Received Import Request.
  Time since last request: 364.685404 seconds.
  path: Assets/Scripts
  artifactKey: Guid(f97136f3c3468a04d8f4c995b0efbbb3) Importer(815301076,1909f56bfc062723c751e8b465ee728b)
Start importing Assets/Scripts using Guid(f97136f3c3468a04d8f4c995b0efbbb3) Importer(815301076,1909f56bfc062723c751e8b465ee728b)  -> (artifact id: 'd9c6bf50215213495e0ac6fb438cd179') in 0.018771 seconds 
========================================================================
Received Import Request.
  Time since last request: 5.918042 seconds.
  path: Assets/Scripts/Global
  artifactKey: Guid(c08170a9e9949c241be94db9b8cf2371) Importer(815301076,1909f56bfc062723c751e8b465ee728b)
Start importing Assets/Scripts/Global using Guid(c08170a9e9949c241be94db9b8cf2371) Importer(815301076,1909f56bfc062723c751e8b465ee728b)  -> (artifact id: '469d3654f2bfd9429f3c814cda456220') in 0.009387 seconds 
========================================================================
Received Import Request.
  Time since last request: 16.836005 seconds.
  path: Assets/Scripts/Global/LanguagesSupport.cs
  artifactKey: Guid(3b5816b936885ad4d8dded0d932dd572) Importer(815301076,1909f56bfc062723c751e8b465ee728b)
Start importing Assets/Scripts/Global/LanguagesSupport.cs using Guid(3b5816b936885ad4d8dded0d932dd572) Importer(815301076,1909f56bfc062723c751e8b465ee728b)  -> (artifact id: '5219233d1cdb3d3bf049534309df067d') in 0.278283 seconds 
========================================================================
Received Prepare
Registering precompiled user dll's ...
Registered in 0.040940 seconds.
Begin MonoManager ReloadAssembly
Symbol file LoadedFromMemory doesn't match image C:\Misha\CF repos\Call-of-the-Forest-Survival-Game\Call of the Forest Survival Game\Library\PackageCache\com.unity.visualscripting@1.8.0\Editor\VisualScripting.Core\Dependencies\YamlDotNet\Unity.VisualScripting.YamlDotNet.dll
Symbol file LoadedFromMemory doesn't match image C:\Misha\CF repos\Call-of-the-Forest-Survival-Game\Call of the Forest Survival Game\Library\PackageCache\com.unity.visualscripting@1.8.0\Editor\VisualScripting.Core\Dependencies\DotNetZip\Unity.VisualScripting.IonicZip.dll
Native extension for WindowsStandalone target not found
Native extension for Android target not found
Refreshing native plugins compatible for Editor in 1.40 ms, found 3 plugins.
Preloading 0 native plugins for Editor in 0.00 ms.
Mono: successfully reloaded assembly
- Completed reload, in  4.386 seconds
Domain Reload Profiling:
	ReloadAssembly (4390ms)
		BeginReloadAssembly (1244ms)
			ExecutionOrderSort (0ms)
			DisableScriptedObjects (64ms)
			BackupInstance (0ms)
			ReleaseScriptingObjects (0ms)
			CreateAndSetChildDomain (335ms)
		EndReloadAssembly (2793ms)
			LoadAssemblies (596ms)
			RebuildTransferFunctionScriptingTraits (0ms)
			SetupTypeCache (977ms)
			ReleaseScriptCaches (2ms)
			RebuildScriptCaches (106ms)
			SetupLoadedEditorAssemblies (1125ms)
				LogAssemblyErrors (0ms)
				InitializePlatformSupportModulesInManaged (96ms)
				SetLoadedEditorAssemblies (3ms)
				RefreshPlugins (2ms)
				BeforeProcessingInitializeOnLoad (271ms)
				ProcessInitializeOnLoadAttributes (660ms)
				ProcessInitializeOnLoadMethodAttributes (56ms)
				AfterProcessingInitializeOnLoad (34ms)
				EditorAssembliesLoaded (2ms)
			ExecutionOrderSort2 (0ms)
			AwakeInstancesAfterBackupRestoration (94ms)
Platform modules already initialized, skipping
Refreshing native plugins compatible for Editor in 5.48 ms, found 3 plugins.
Preloading 0 native plugins for Editor in 0.00 ms.
Unloading 3058 Unused Serialized files (Serialized files now loaded: 0)
Unloading 28 unused Assets / (0.7 MB). Loaded Objects now: 3521.
Memory consumption went from 114.8 MB to 114.1 MB.
Total: 10.327800 ms (FindLiveObjects: 0.392300 ms CreateObjectMapping: 0.202100 ms MarkObjects: 8.509200 ms  DeleteObjects: 1.220900 ms)

AssetImportParameters requested are different than current active one (requested -> active):
  custom:video-decoder-ogg-theora: a1e56fd34408186e4bbccfd4996cb3dc -> 
  custom:container-muxer-webm: aa71ff27fc2769a1b78a27578f13a17b -> 
  custom:container-demuxer-webm: 4f35f7cbe854078d1ac9338744f61a02 -> 
  custom:video-encoder-webm-vp8: eb34c28f22e8b96e1ab97ce403110664 -> 
  custom:audio-encoder-webm-vorbis: bf7c407c2cedff20999df2af8eb42d56 -> 
  custom:framework-win-MediaFoundation: 216162199b28c13a410421893ffa2e32 -> 
  custom:container-demuxer-ogg: 62fdf1f143b41e24485cea50d1cbac27 -> 
  custom:video-decoder-webm-vp8: 9c59270c3fd7afecdb556c50c9e8de78 -> 
  custom:audio-decoder-ogg-vorbis: bf7c407c2cedff20999df2af8eb42d56 -> 
========================================================================
Received Import Request.
  Time since last request: 155.524064 seconds.
  path: Assets/Other/Languages.json
  artifactKey: Guid(a84f908f13bc09c46948c622ee6f1a47) Importer(815301076,1909f56bfc062723c751e8b465ee728b)
Start importing Assets/Other/Languages.json using Guid(a84f908f13bc09c46948c622ee6f1a47) Importer(815301076,1909f56bfc062723c751e8b465ee728b)  -> (artifact id: '171322ea42a173c832281cffc5c5176b') in 0.095235 seconds 
========================================================================
Received Import Request.
  Time since last request: 654.952475 seconds.
  path: Assets/Scripts/Small
  artifactKey: Guid(f49bada52d750d84ca0b361f43527160) Importer(815301076,1909f56bfc062723c751e8b465ee728b)
Start importing Assets/Scripts/Small using Guid(f49bada52d750d84ca0b361f43527160) Importer(815301076,1909f56bfc062723c751e8b465ee728b)  -> (artifact id: '85e7e81e14955fadca60aaf361f7c211') in 0.040753 seconds 
========================================================================
Received Import Request.
  Time since last request: 7.327615 seconds.
  path: Assets/Scripts/Small/GetTextByLanguage.cs
  artifactKey: Guid(be9bcdd1ed58f354fa2a28193b896112) Importer(815301076,1909f56bfc062723c751e8b465ee728b)
Start importing Assets/Scripts/Small/GetTextByLanguage.cs using Guid(be9bcdd1ed58f354fa2a28193b896112) Importer(815301076,1909f56bfc062723c751e8b465ee728b)  -> (artifact id: '2bd49f0d87c14746c654bf6977b2ca58') in 0.026887 seconds 
========================================================================
Received Prepare
Registering precompiled user dll's ...
Registered in 0.038052 seconds.
Begin MonoManager ReloadAssembly
Symbol file LoadedFromMemory doesn't match image C:\Misha\CF repos\Call-of-the-Forest-Survival-Game\Call of the Forest Survival Game\Library\PackageCache\com.unity.visualscripting@1.8.0\Editor\VisualScripting.Core\Dependencies\YamlDotNet\Unity.VisualScripting.YamlDotNet.dll
Symbol file LoadedFromMemory doesn't match image C:\Misha\CF repos\Call-of-the-Forest-Survival-Game\Call of the Forest Survival Game\Library\PackageCache\com.unity.visualscripting@1.8.0\Editor\VisualScripting.Core\Dependencies\DotNetZip\Unity.VisualScripting.IonicZip.dll
Native extension for WindowsStandalone target not found
Native extension for Android target not found
Refreshing native plugins compatible for Editor in 1.72 ms, found 3 plugins.
Preloading 0 native plugins for Editor in 0.00 ms.
Mono: successfully reloaded assembly
- Completed reload, in  9.928 seconds
Domain Reload Profiling:
	ReloadAssembly (9937ms)
		BeginReloadAssembly (2148ms)
			ExecutionOrderSort (0ms)
			DisableScriptedObjects (95ms)
			BackupInstance (0ms)
			ReleaseScriptingObjects (0ms)
			CreateAndSetChildDomain (766ms)
		EndReloadAssembly (7433ms)
			LoadAssemblies (705ms)
			RebuildTransferFunctionScriptingTraits (0ms)
			SetupTypeCache (3993ms)
			ReleaseScriptCaches (6ms)
			RebuildScriptCaches (379ms)
			SetupLoadedEditorAssemblies (1861ms)
				LogAssemblyErrors (0ms)
				InitializePlatformSupportModulesInManaged (160ms)
				SetLoadedEditorAssemblies (2ms)
				RefreshPlugins (2ms)
				BeforeProcessingInitializeOnLoad (237ms)
				ProcessInitializeOnLoadAttributes (1341ms)
				ProcessInitializeOnLoadMethodAttributes (76ms)
				AfterProcessingInitializeOnLoad (43ms)
				EditorAssembliesLoaded (1ms)
			ExecutionOrderSort2 (0ms)
			AwakeInstancesAfterBackupRestoration (53ms)
Platform modules already initialized, skipping
Refreshing native plugins compatible for Editor in 21.09 ms, found 3 plugins.
Preloading 0 native plugins for Editor in 0.00 ms.
Unloading 3058 Unused Serialized files (Serialized files now loaded: 0)
Unloading 28 unused Assets / (0.7 MB). Loaded Objects now: 3525.
Memory consumption went from 114.8 MB to 114.2 MB.
Total: 75.156500 ms (FindLiveObjects: 1.294100 ms CreateObjectMapping: 1.235500 ms MarkObjects: 53.239000 ms  DeleteObjects: 19.382900 ms)

AssetImportParameters requested are different than current active one (requested -> active):
  custom:video-decoder-ogg-theora: a1e56fd34408186e4bbccfd4996cb3dc -> 
  custom:container-muxer-webm: aa71ff27fc2769a1b78a27578f13a17b -> 
  custom:container-demuxer-webm: 4f35f7cbe854078d1ac9338744f61a02 -> 
  custom:video-encoder-webm-vp8: eb34c28f22e8b96e1ab97ce403110664 -> 
  custom:audio-encoder-webm-vorbis: bf7c407c2cedff20999df2af8eb42d56 -> 
  custom:framework-win-MediaFoundation: 216162199b28c13a410421893ffa2e32 -> 
  custom:container-demuxer-ogg: 62fdf1f143b41e24485cea50d1cbac27 -> 
  custom:video-decoder-webm-vp8: 9c59270c3fd7afecdb556c50c9e8de78 -> 
  custom:audio-decoder-ogg-vorbis: bf7c407c2cedff20999df2af8eb42d56 -> 
========================================================================
Received Prepare
Registering precompiled user dll's ...
Registered in 0.016930 seconds.
Begin MonoManager ReloadAssembly
Symbol file LoadedFromMemory doesn't match image C:\Misha\CF repos\Call-of-the-Forest-Survival-Game\Call of the Forest Survival Game\Library\PackageCache\com.unity.visualscripting@1.8.0\Editor\VisualScripting.Core\Dependencies\YamlDotNet\Unity.VisualScripting.YamlDotNet.dll
Symbol file LoadedFromMemory doesn't match image C:\Misha\CF repos\Call-of-the-Forest-Survival-Game\Call of the Forest Survival Game\Library\PackageCache\com.unity.visualscripting@1.8.0\Editor\VisualScripting.Core\Dependencies\DotNetZip\Unity.VisualScripting.IonicZip.dll
Native extension for WindowsStandalone target not found
Native extension for Android target not found
Refreshing native plugins compatible for Editor in 0.92 ms, found 3 plugins.
Preloading 0 native plugins for Editor in 0.00 ms.
Mono: successfully reloaded assembly
- Completed reload, in  4.013 seconds
Domain Reload Profiling:
	ReloadAssembly (4015ms)
		BeginReloadAssembly (597ms)
			ExecutionOrderSort (0ms)
			DisableScriptedObjects (25ms)
			BackupInstance (0ms)
			ReleaseScriptingObjects (0ms)
			CreateAndSetChildDomain (108ms)
		EndReloadAssembly (3018ms)
			LoadAssemblies (430ms)
			RebuildTransferFunctionScriptingTraits (0ms)
			SetupTypeCache (1003ms)
			ReleaseScriptCaches (2ms)
			RebuildScriptCaches (132ms)
			SetupLoadedEditorAssemblies (1268ms)
				LogAssemblyErrors (0ms)
				InitializePlatformSupportModulesInManaged (71ms)
				SetLoadedEditorAssemblies (3ms)
				RefreshPlugins (1ms)
				BeforeProcessingInitializeOnLoad (181ms)
				ProcessInitializeOnLoadAttributes (818ms)
				ProcessInitializeOnLoadMethodAttributes (145ms)
				AfterProcessingInitializeOnLoad (49ms)
				EditorAssembliesLoaded (0ms)
			ExecutionOrderSort2 (0ms)
			AwakeInstancesAfterBackupRestoration (55ms)
Platform modules already initialized, skipping
Refreshing native plugins compatible for Editor in 5.97 ms, found 3 plugins.
Preloading 0 native plugins for Editor in 0.00 ms.
Unloading 3058 Unused Serialized files (Serialized files now loaded: 0)
Unloading 28 unused Assets / (0.7 MB). Loaded Objects now: 3528.
Memory consumption went from 114.8 MB to 114.2 MB.
Total: 6.346700 ms (FindLiveObjects: 0.539200 ms CreateObjectMapping: 0.273300 ms MarkObjects: 4.911300 ms  DeleteObjects: 0.620100 ms)

AssetImportParameters requested are different than current active one (requested -> active):
  custom:video-decoder-ogg-theora: a1e56fd34408186e4bbccfd4996cb3dc -> 
  custom:container-muxer-webm: aa71ff27fc2769a1b78a27578f13a17b -> 
  custom:container-demuxer-webm: 4f35f7cbe854078d1ac9338744f61a02 -> 
  custom:video-encoder-webm-vp8: eb34c28f22e8b96e1ab97ce403110664 -> 
  custom:audio-encoder-webm-vorbis: bf7c407c2cedff20999df2af8eb42d56 -> 
  custom:framework-win-MediaFoundation: 216162199b28c13a410421893ffa2e32 -> 
  custom:container-demuxer-ogg: 62fdf1f143b41e24485cea50d1cbac27 -> 
  custom:video-decoder-webm-vp8: 9c59270c3fd7afecdb556c50c9e8de78 -> 
  custom:audio-decoder-ogg-vorbis: bf7c407c2cedff20999df2af8eb42d56 -> 
========================================================================
Received Import Request.
  Time since last request: 51.354415 seconds.
  path: Assets/Scripts/Global/LanguageManager.cs
  artifactKey: Guid(02cc982fe5de89e44ad51a967cfdfa45) Importer(815301076,1909f56bfc062723c751e8b465ee728b)
Start importing Assets/Scripts/Global/LanguageManager.cs using Guid(02cc982fe5de89e44ad51a967cfdfa45) Importer(815301076,1909f56bfc062723c751e8b465ee728b)  -> (artifact id: '79317039ba8ffde55cc428dcd62cef28') in 0.017657 seconds 
========================================================================
Received Prepare
Registering precompiled user dll's ...
Registered in 0.032436 seconds.
Begin MonoManager ReloadAssembly
Symbol file LoadedFromMemory doesn't match image C:\Misha\CF repos\Call-of-the-Forest-Survival-Game\Call of the Forest Survival Game\Library\PackageCache\com.unity.visualscripting@1.8.0\Editor\VisualScripting.Core\Dependencies\YamlDotNet\Unity.VisualScripting.YamlDotNet.dll
Symbol file LoadedFromMemory doesn't match image C:\Misha\CF repos\Call-of-the-Forest-Survival-Game\Call of the Forest Survival Game\Library\PackageCache\com.unity.visualscripting@1.8.0\Editor\VisualScripting.Core\Dependencies\DotNetZip\Unity.VisualScripting.IonicZip.dll
Native extension for WindowsStandalone target not found
Native extension for Android target not found
Refreshing native plugins compatible for Editor in 1.02 ms, found 3 plugins.
Preloading 0 native plugins for Editor in 0.00 ms.
Mono: successfully reloaded assembly
- Completed reload, in  5.450 seconds
Domain Reload Profiling:
	ReloadAssembly (5451ms)
		BeginReloadAssembly (649ms)
			ExecutionOrderSort (0ms)
			DisableScriptedObjects (21ms)
			BackupInstance (0ms)
			ReleaseScriptingObjects (0ms)
			CreateAndSetChildDomain (102ms)
		EndReloadAssembly (4343ms)
			LoadAssemblies (474ms)
			RebuildTransferFunctionScriptingTraits (0ms)
			SetupTypeCache (1035ms)
			ReleaseScriptCaches (2ms)
			RebuildScriptCaches (135ms)
			SetupLoadedEditorAssemblies (2425ms)
				LogAssemblyErrors (0ms)
				InitializePlatformSupportModulesInManaged (132ms)
				SetLoadedEditorAssemblies (5ms)
				RefreshPlugins (1ms)
				BeforeProcessingInitializeOnLoad (302ms)
				ProcessInitializeOnLoadAttributes (1683ms)
				ProcessInitializeOnLoadMethodAttributes (242ms)
				AfterProcessingInitializeOnLoad (59ms)
				EditorAssembliesLoaded (0ms)
			ExecutionOrderSort2 (0ms)
			AwakeInstancesAfterBackupRestoration (170ms)
Platform modules already initialized, skipping
Script is not up to date after domain reload: guid(7b962c1d2f37f9f4db9f9e8d089d2455) path("Assets/Scripts/Global/SceneLoader.cs") state(2)
Refreshing native plugins compatible for Editor in 13.63 ms, found 3 plugins.
Preloading 0 native plugins for Editor in 0.00 ms.
Unloading 3059 Unused Serialized files (Serialized files now loaded: 0)
Unloading 28 unused Assets / (0.7 MB). Loaded Objects now: 3532.
Memory consumption went from 114.9 MB to 114.2 MB.
Total: 15.277800 ms (FindLiveObjects: 0.735000 ms CreateObjectMapping: 0.435800 ms MarkObjects: 13.042000 ms  DeleteObjects: 1.061200 ms)

AssetImportParameters requested are different than current active one (requested -> active):
  custom:video-decoder-ogg-theora: a1e56fd34408186e4bbccfd4996cb3dc -> 
  custom:container-muxer-webm: aa71ff27fc2769a1b78a27578f13a17b -> 
  custom:container-demuxer-webm: 4f35f7cbe854078d1ac9338744f61a02 -> 
  custom:video-encoder-webm-vp8: eb34c28f22e8b96e1ab97ce403110664 -> 
  custom:audio-encoder-webm-vorbis: bf7c407c2cedff20999df2af8eb42d56 -> 
  custom:framework-win-MediaFoundation: 216162199b28c13a410421893ffa2e32 -> 
  custom:container-demuxer-ogg: 62fdf1f143b41e24485cea50d1cbac27 -> 
  custom:video-decoder-webm-vp8: 9c59270c3fd7afecdb556c50c9e8de78 -> 
  custom:audio-decoder-ogg-vorbis: bf7c407c2cedff20999df2af8eb42d56 -> 
========================================================================
Received Import Request.
  Time since last request: 25.343168 seconds.
  path: Assets/Scripts/Global/SceneLoader.cs
  artifactKey: Guid(7b962c1d2f37f9f4db9f9e8d089d2455) Importer(815301076,1909f56bfc062723c751e8b465ee728b)
Start importing Assets/Scripts/Global/SceneLoader.cs using Guid(7b962c1d2f37f9f4db9f9e8d089d2455) Importer(815301076,1909f56bfc062723c751e8b465ee728b)  -> (artifact id: '0a37271e519f425e8f89091a86026b7d') in 0.021456 seconds 
========================================================================
Received Prepare
Registering precompiled user dll's ...
Registered in 0.082732 seconds.
Begin MonoManager ReloadAssembly
Symbol file LoadedFromMemory doesn't match image C:\Misha\CF repos\Call-of-the-Forest-Survival-Game\Call of the Forest Survival Game\Library\PackageCache\com.unity.visualscripting@1.8.0\Editor\VisualScripting.Core\Dependencies\YamlDotNet\Unity.VisualScripting.YamlDotNet.dll
Symbol file LoadedFromMemory doesn't match image C:\Misha\CF repos\Call-of-the-Forest-Survival-Game\Call of the Forest Survival Game\Library\PackageCache\com.unity.visualscripting@1.8.0\Editor\VisualScripting.Core\Dependencies\DotNetZip\Unity.VisualScripting.IonicZip.dll
Native extension for WindowsStandalone target not found
Native extension for Android target not found
Refreshing native plugins compatible for Editor in 1.34 ms, found 3 plugins.
Preloading 0 native plugins for Editor in 0.00 ms.
Mono: successfully reloaded assembly
- Completed reload, in  6.645 seconds
Domain Reload Profiling:
	ReloadAssembly (6659ms)
		BeginReloadAssembly (1528ms)
			ExecutionOrderSort (0ms)
			DisableScriptedObjects (77ms)
			BackupInstance (0ms)
			ReleaseScriptingObjects (0ms)
			CreateAndSetChildDomain (370ms)
		EndReloadAssembly (4495ms)
			LoadAssemblies (751ms)
			RebuildTransferFunctionScriptingTraits (0ms)
			SetupTypeCache (1595ms)
			ReleaseScriptCaches (7ms)
			RebuildScriptCaches (383ms)
			SetupLoadedEditorAssemblies (1723ms)
				LogAssemblyErrors (0ms)
				InitializePlatformSupportModulesInManaged (156ms)
				SetLoadedEditorAssemblies (3ms)
				RefreshPlugins (2ms)
				BeforeProcessingInitializeOnLoad (282ms)
				ProcessInitializeOnLoadAttributes (1127ms)
				ProcessInitializeOnLoadMethodAttributes (81ms)
				AfterProcessingInitializeOnLoad (71ms)
				EditorAssembliesLoaded (1ms)
			ExecutionOrderSort2 (0ms)
			AwakeInstancesAfterBackupRestoration (91ms)
Platform modules already initialized, skipping
Refreshing native plugins compatible for Editor in 6.22 ms, found 3 plugins.
Preloading 0 native plugins for Editor in 0.00 ms.
Unloading 3060 Unused Serialized files (Serialized files now loaded: 0)
Unloading 28 unused Assets / (0.7 MB). Loaded Objects now: 3536.
Memory consumption went from 114.9 MB to 114.2 MB.
Total: 20.204800 ms (FindLiveObjects: 1.180800 ms CreateObjectMapping: 1.745200 ms MarkObjects: 15.319400 ms  DeleteObjects: 1.955500 ms)

AssetImportParameters requested are different than current active one (requested -> active):
  custom:video-decoder-ogg-theora: a1e56fd34408186e4bbccfd4996cb3dc -> 
  custom:container-muxer-webm: aa71ff27fc2769a1b78a27578f13a17b -> 
  custom:container-demuxer-webm: 4f35f7cbe854078d1ac9338744f61a02 -> 
  custom:video-encoder-webm-vp8: eb34c28f22e8b96e1ab97ce403110664 -> 
  custom:audio-encoder-webm-vorbis: bf7c407c2cedff20999df2af8eb42d56 -> 
  custom:framework-win-MediaFoundation: 216162199b28c13a410421893ffa2e32 -> 
  custom:container-demuxer-ogg: 62fdf1f143b41e24485cea50d1cbac27 -> 
  custom:video-decoder-webm-vp8: 9c59270c3fd7afecdb556c50c9e8de78 -> 
  custom:audio-decoder-ogg-vorbis: bf7c407c2cedff20999df2af8eb42d56 -> 
========================================================================
Received Import Request.
  Time since last request: 218.296814 seconds.
  path: Assets/Scripts/Global/SceneLoader.cs
  artifactKey: Guid(7b962c1d2f37f9f4db9f9e8d089d2455) Importer(815301076,1909f56bfc062723c751e8b465ee728b)
Start importing Assets/Scripts/Global/SceneLoader.cs using Guid(7b962c1d2f37f9f4db9f9e8d089d2455) Importer(815301076,1909f56bfc062723c751e8b465ee728b)  -> (artifact id: '00000000000000000000000000000000') in 0.011082 seconds  code(4) message(Build asset version error: assets/scripts/global/sceneloader.cs in SourceAssetDB has modification time of '2023-12-05T14:12:58.2840455Z' while content on disk has modification time of '2023-12-05T14:16:42.6853034Z')
  ERROR: Build asset version error: assets/scripts/global/sceneloader.cs in SourceAssetDB has modification time of '2023-12-05T14:12:58.2840455Z' while content on disk has modification time of '2023-12-05T14:16:42.6853034Z'
========================================================================
Received Import Request.
  Time since last request: 7.008358 seconds.
  path: Assets/Scenes/LoadingScene.unity
  artifactKey: Guid(6c8965a5c2fe74a4db3c81e008e1c914) Importer(815301076,1909f56bfc062723c751e8b465ee728b)
Start importing Assets/Scenes/LoadingScene.unity using Guid(6c8965a5c2fe74a4db3c81e008e1c914) Importer(815301076,1909f56bfc062723c751e8b465ee728b)  -> (artifact id: '093e6422040489f1736211a6d5be4c00') in 0.030081 seconds 
========================================================================
Received Import Request.
  Time since last request: 141.196744 seconds.
  path: Assets/Other/Languages.json
  artifactKey: Guid(a84f908f13bc09c46948c622ee6f1a47) Importer(815301076,1909f56bfc062723c751e8b465ee728b)
Start importing Assets/Other/Languages.json using Guid(a84f908f13bc09c46948c622ee6f1a47) Importer(815301076,1909f56bfc062723c751e8b465ee728b)  -> (artifact id: '0769dd6c31a7fd8d60d7472e9b511f4e') in 0.082594 seconds 
========================================================================
Received Import Request.
  Time since last request: 1157.113410 seconds.
  path: Assets/Plugins
  artifactKey: Guid(65105a54109a2d944b7a15f1c0b0fec4) Importer(815301076,1909f56bfc062723c751e8b465ee728b)
Start importing Assets/Plugins using Guid(65105a54109a2d944b7a15f1c0b0fec4) Importer(815301076,1909f56bfc062723c751e8b465ee728b)  -> (artifact id: '8dfa78738d6131152bdd29de81f32112') in 0.044488 seconds 
